生成启动时间为 2016/5/13 10:45:55。
     1>项目“D:\sdk Source\xmlconfigure\googletest\msvc\gtest_prod_test.vcxproj”在节点 2 上(Build 个目标)。
     1>Link:
         C:\Program Files (x86)\Microsoft Visual Studio 12.0\VC\bin\link.exe /ERRORREPORT:PROMPT /OUT:"xmlconfigure/Debug\gtest_prod_test.exe" /INCREMENTAL /NOLOGO kernel32.lib user32.lib gdi32.lib winspool.lib comdlg32.lib advapi32.lib shell32.lib ole32.lib oleaut32.lib uuid.lib odbc32.lib odbccp32.lib /MANIFEST /MANIFESTUAC:"level='asInvoker' uiAccess='false'" /manifest:embed /DEBUG /PDB:"xmlconfigure/Debug\gtest_prod_test.pdb" /SUBSYSTEM:CONSOLE /TLBID:1 /DYNAMICBASE /NXCOMPAT /IMPLIB:"xmlconfigure/Debug\gtest_prod_test.lib" /MACHINE:X86 /SAFESEH xmlconfigure/Debug\gtest_prod_test\gtest_prod_test.obj
         xmlconfigure/Debug\gtest_prod_test\production.obj
     1>gtest_prod_test.obj : warning LNK4075: 忽略“/EDITANDCONTINUE”(由于“/SAFESEH”规范)
     1>gtest_prod_test.obj : error LNK2019: 无法解析的外部符号 "bool __cdecl testing::internal::IsTrue(bool)" (?IsTrue@internal@testing@@YA_N_N@Z)，该符号在函数 "public: void __thiscall testing::internal::scoped_ptr<class std::basic_string<char,struct std::char_traits<char>,class std::allocator<char> > >::reset(class std::basic_string<char,struct std::char_traits<char>,class std::allocator<char> > *)" (?reset@?$scoped_ptr@V?$basic_string@DU?$char_traits@D@std@@V?$allocator@D@2@@std@@@internal@testing@@QAEXPAV?$basic_string@DU?$char_traits@D@std@@V?$allocator@D@2@@std@@@Z) 中被引用
     1>gtest_prod_test.obj : error LNK2019: 无法解析的外部符号 "public: __thiscall testing::Message::Message(void)" (??0Message@testing@@QAE@XZ)，该符号在函数 "private: virtual void __thiscall PrivateCodeFixtureTest_CanAccessPrivateMembers_Test::TestBody(void)" (?TestBody@PrivateCodeFixtureTest_CanAccessPrivateMembers_Test@@EAEXXZ) 中被引用
     1>gtest_prod_test.obj : error LNK2019: 无法解析的外部符号 "class testing::AssertionResult __cdecl testing::internal::EqFailure(char const *,char const *,class std::basic_string<char,struct std::char_traits<char>,class std::allocator<char> > const &,class std::basic_string<char,struct std::char_traits<char>,class std::allocator<char> > const &,bool)" (?EqFailure@internal@testing@@YA?AVAssertionResult@2@PBD0ABV?$basic_string@DU?$char_traits@D@std@@V?$allocator@D@2@@std@@1_N@Z)，该符号在函数 "class testing::AssertionResult __cdecl testing::internal::CmpHelperEQFailure<int,int>(char const *,char const *,int const &,int const &)" (??$CmpHelperEQFailure@HH@internal@testing@@YA?AVAssertionResult@1@PBD0ABH1@Z) 中被引用
     1>gtest_prod_test.obj : error LNK2019: 无法解析的外部符号 "void const * __cdecl testing::internal::GetTestTypeId(void)" (?GetTestTypeId@internal@testing@@YAPBXXZ)，该符号在函数 "void __cdecl `dynamic initializer for 'private: static class testing::TestInfo * PrivateCodeTest_CanAccessPrivateMembers_Test::test_info_''(void)" (??__E?test_info_@PrivateCodeTest_CanAccessPrivateMembers_Test@@0QAVTestInfo@testing@@A@@YAXXZ) 中被引用
     1>gtest_prod_test.obj : error LNK2019: 无法解析的外部符号 "class testing::TestInfo * __cdecl testing::internal::MakeAndRegisterTestInfo(char const *,char const *,char const *,char const *,struct testing::internal::CodeLocation,void const *,void (__cdecl*)(void),void (__cdecl*)(void),class testing::internal::TestFactoryBase *)" (?MakeAndRegisterTestInfo@internal@testing@@YAPAVTestInfo@2@PBD000UCodeLocation@12@PBXP6AXXZ3PAVTestFactoryBase@12@@Z)，该符号在函数 "void __cdecl `dynamic initializer for 'private: static class testing::TestInfo * PrivateCodeFixtureTest_CanAccessPrivateMembers_Test::test_info_''(void)" (??__E?test_info_@PrivateCodeFixtureTest_CanAccessPrivateMembers_Test@@0QAVTestInfo@testing@@A@@YAXXZ) 中被引用
     1>gtest_prod_test.obj : error LNK2019: 无法解析的外部符号 "class testing::AssertionResult __cdecl testing::AssertionSuccess(void)" (?AssertionSuccess@testing@@YA?AVAssertionResult@1@XZ)，该符号在函数 "class testing::AssertionResult __cdecl testing::internal::CmpHelperEQ<int,int>(char const *,char const *,int const &,int const &)" (??$CmpHelperEQ@HH@internal@testing@@YA?AVAssertionResult@1@PBD0ABH1@Z) 中被引用
     1>gtest_prod_test.obj : error LNK2019: 无法解析的外部符号 "public: virtual __thiscall testing::Test::~Test(void)" (??1Test@testing@@UAE@XZ)，该符号在函数 "public: virtual __thiscall PrivateCodeFixtureTest_CanAccessPrivateMembers_Test::~PrivateCodeFixtureTest_CanAccessPrivateMembers_Test(void)" (??1PrivateCodeFixtureTest_CanAccessPrivateMembers_Test@@UAE@XZ) 中被引用
     1>gtest_prod_test.obj : error LNK2019: 无法解析的外部符号 "protected: __thiscall testing::Test::Test(void)" (??0Test@testing@@IAE@XZ)，该符号在函数 "public: __thiscall PrivateCodeFixtureTest_CanAccessPrivateMembers_Test::PrivateCodeFixtureTest_CanAccessPrivateMembers_Test(void)" (??0PrivateCodeFixtureTest_CanAccessPrivateMembers_Test@@QAE@XZ) 中被引用
     1>gtest_prod_test.obj : error LNK2001: 无法解析的外部符号 "protected: virtual void __thiscall testing::Test::SetUp(void)" (?SetUp@Test@testing@@MAEXXZ)
     1>gtest_prod_test.obj : error LNK2001: 无法解析的外部符号 "protected: virtual void __thiscall testing::Test::TearDown(void)" (?TearDown@Test@testing@@MAEXXZ)
     1>gtest_prod_test.obj : error LNK2019: 无法解析的外部符号 "public: __thiscall testing::internal::AssertHelper::AssertHelper(enum testing::TestPartResult::Type,char const *,int,char const *)" (??0AssertHelper@internal@testing@@QAE@W4Type@TestPartResult@2@PBDH1@Z)，该符号在函数 "private: virtual void __thiscall PrivateCodeFixtureTest_CanAccessPrivateMembers_Test::TestBody(void)" (?TestBody@PrivateCodeFixtureTest_CanAccessPrivateMembers_Test@@EAEXXZ) 中被引用
     1>gtest_prod_test.obj : error LNK2019: 无法解析的外部符号 "public: __thiscall testing::internal::AssertHelper::~AssertHelper(void)" (??1AssertHelper@internal@testing@@QAE@XZ)，该符号在函数 "private: virtual void __thiscall PrivateCodeFixtureTest_CanAccessPrivateMembers_Test::TestBody(void)" (?TestBody@PrivateCodeFixtureTest_CanAccessPrivateMembers_Test@@EAEXXZ) 中被引用
     1>gtest_prod_test.obj : error LNK2019: 无法解析的外部符号 "public: void __thiscall testing::internal::AssertHelper::operator=(class testing::Message const &)const " (??4AssertHelper@internal@testing@@QBEXABVMessage@2@@Z)，该符号在函数 "private: virtual void __thiscall PrivateCodeFixtureTest_CanAccessPrivateMembers_Test::TestBody(void)" (?TestBody@PrivateCodeFixtureTest_CanAccessPrivateMembers_Test@@EAEXXZ) 中被引用
     1>LIBCMTD.lib(crt0.obj) : error LNK2019: 无法解析的外部符号 _main，该符号在函数 ___tmainCRTStartup 中被引用
     1>xmlconfigure/Debug\gtest_prod_test.exe : fatal error LNK1120: 14 个无法解析的外部命令
     1>已完成生成项目“D:\sdk Source\xmlconfigure\googletest\msvc\gtest_prod_test.vcxproj”(Build 个目标)的操作 - 失败。

生成失败。

已用时间 00:00:00.37
